-------------------------------------------------------------------------------
Test set: CandidatesApplicationTest
-------------------------------------------------------------------------------
Tests run: 1, Failures: 0, Errors: 1, Skipped: 0, Time elapsed: 0.038 sec <<< FAILURE! - in CandidatesApplicationTest
initializationError(CandidatesApplicationTest)  Time elapsed: 0.01 sec  <<< ERROR!
java.lang.IllegalStateException: Unable to find a @SpringBootConfiguration, you need to use @ContextConfiguration or @SpringBootTest(classes=...) with your test

