-------------------------------------------------------------------------------
Test set: CandidatesProfileControllerTest
-------------------------------------------------------------------------------
Tests run: 1, Failures: 0, Errors: 1, Skipped: 0, Time elapsed: 0 sec <<< FAILURE! - in CandidatesProfileControllerTest
initializationError(CandidatesProfileControllerTest)  Time elapsed: 0 sec  <<< ERROR!
java.lang.Exception: No runnable methods

