-------------------------------------------------------------------------------
Test set: StudentServicesApplicationTests
-------------------------------------------------------------------------------
Tests run: 1, Failures: 0, Errors: 1, Skipped: 0, Time elapsed: 0 sec <<< FAILURE! - in StudentServicesApplicationTests
initializationError(StudentServicesApplicationTests)  Time elapsed: 0 sec  <<< ERROR!
java.lang.IllegalStateException: Unable to find a @SpringBootConfiguration, you need to use @ContextConfiguration or @SpringBootTest(classes=...) with your test

